<?xml version="1.0" encoding="UTF-8"?>
<!-- Generated by org.testng.reporters.JUnitXMLReporter -->
<testsuite hostname="SES71231275IP10003777" ignored="0" name="Default test" tests="2" failures="0" timestamp="2025-01-20T17:59:38 IST" time="3.129" errors="0">
  <testcase name="fillRegisterData" time="0.873" classname="com.jpetsore.tests.RegistrationOfJPetStoreTests"/>
  <testcase name="fillRegisterData2" time="1.161" classname="com.jpetsore.tests.RegistrationOfJPetStoreTests"/>
</testsuite> <!-- Default test -->
